1675705004237	geckodriver	INFO	Listening on 127.0.0.1:36129
1675705004362	mozrunner::runner	INFO	Running command: "/usr/bin/firefox" "--marionette" "--remote-debugging-port" "35465" "--remote-allow-hosts" "localhost" "-no-remote" "-profile" "/tmp/rust_mozprofile3Jkt7G"
Gtk-Message: 14:36:44.463: Not loading module "atk-bridge": The functionality is provided by GTK natively. Please try to not load it.
ATTENTION: default value of option mesa_glthread overridden by environment.
ATTENTION: default value of option mesa_glthread overridden by environment.
ATTENTION: default value of option mesa_glthread overridden by environment.
ATTENTION: default value of option mesa_glthread overridden by environment.
1675705015143	geckodriver	INFO	Listening on 127.0.0.1:52487
1675705015270	mozrunner::runner	INFO	Running command: "/usr/bin/firefox" "--marionette" "--remote-debugging-port" "54827" "--remote-allow-hosts" "localhost" "-no-remote" "-profile" "/tmp/rust_mozprofilePHhzaE"
Gtk-Message: 14:36:55.382: Not loading module "atk-bridge": The functionality is provided by GTK natively. Please try to not load it.
ATTENTION: default value of option mesa_glthread overridden by environment.
ATTENTION: default value of option mesa_glthread overridden by environment.
ATTENTION: default value of option mesa_glthread overridden by environment.
ATTENTION: default value of option mesa_glthread overridden by environment.
1675705030760	geckodriver	INFO	Listening on 127.0.0.1:42949
1675705030899	mozrunner::runner	INFO	Running command: "/usr/bin/firefox" "--marionette" "--remote-debugging-port" "46819" "--remote-allow-hosts" "localhost" "-no-remote" "-profile" "/tmp/rust_mozprofileOsRtEg"
Gtk-Message: 14:37:11.007: Not loading module "atk-bridge": The functionality is provided by GTK natively. Please try to not load it.
ATTENTION: default value of option mesa_glthread overridden by environment.
ATTENTION: default value of option mesa_glthread overridden by environment.
ATTENTION: default value of option mesa_glthread overridden by environment.
ATTENTION: default value of option mesa_glthread overridden by environment.
1675705088425	geckodriver	INFO	Listening on 127.0.0.1:60439
1675705089007	mozrunner::runner	INFO	Running command: "/snap/firefox/current/firefox.launcher" "--marionette" "--remote-debugging-port" "48155" "--remote-allow-hosts" "localhost" "-no-remote" "-profile" "/tmp/rust_mozprofileXQ3SOx"
Gtk-Message: 14:38:09.060: Not loading module "atk-bridge": The functionality is provided by GTK natively. Please try to not load it.
ATTENTION: default value of option mesa_glthread overridden by environment.
ATTENTION: default value of option mesa_glthread overridden by environment.
ATTENTION: default value of option mesa_glthread overridden by environment.
ATTENTION: default value of option mesa_glthread overridden by environment.
1675705089671	Marionette	INFO	Marionette enabled
1675705089674	Marionette	INFO	Listening on port 41909
Read port: 41909
WebDriver BiDi listening on ws://127.0.0.1:48155
1675705089787	RemoteAgent	WARN	TLS certificate errors will be ignored for this session
console.warn: SearchSettings: "get: No settings file exists, new profile?" (new NotFoundError("Could not open the file at /tmp/rust_mozprofileXQ3SOx/search.json.mozlz4", (void 0)))
DevTools listening on ws://127.0.0.1:48155/devtools/browser/9e395315-5444-4fc2-beb6-72d7f2e1cf47
1675705330540	geckodriver	INFO	Listening on 127.0.0.1:37035
1675705331054	mozrunner::runner	INFO	Running command: "/snap/firefox/current/firefox.launcher" "--marionette" "--remote-debugging-port" "50207" "--remote-allow-hosts" "localhost" "-no-remote" "-profile" "/tmp/rust_mozprofiledQKPKB"
Gtk-Message: 14:42:11.075: Not loading module "atk-bridge": The functionality is provided by GTK natively. Please try to not load it.
ATTENTION: default value of option mesa_glthread overridden by environment.
ATTENTION: default value of option mesa_glthread overridden by environment.
ATTENTION: default value of option mesa_glthread overridden by environment.
ATTENTION: default value of option mesa_glthread overridden by environment.
1675705331669	Marionette	INFO	Marionette enabled
1675705331671	Marionette	INFO	Listening on port 41247
Read port: 41247
WebDriver BiDi listening on ws://127.0.0.1:50207
1675705331807	RemoteAgent	WARN	TLS certificate errors will be ignored for this session
console.warn: SearchSettings: "get: No settings file exists, new profile?" (new NotFoundError("Could not open the file at /tmp/rust_mozprofiledQKPKB/search.json.mozlz4", (void 0)))
DevTools listening on ws://127.0.0.1:50207/devtools/browser/4a37ad7f-5fd6-4ec5-aed2-ccf80d8ec6b9
1675705491440	geckodriver	INFO	Listening on 127.0.0.1:35705
1675705491958	mozrunner::runner	INFO	Running command: "/snap/firefox/current/firefox.launcher" "--marionette" "--remote-debugging-port" "38121" "--remote-allow-hosts" "localhost" "-no-remote" "-profile" "/tmp/rust_mozprofile2cOqSj"
Gtk-Message: 14:44:51.978: Not loading module "atk-bridge": The functionality is provided by GTK natively. Please try to not load it.
ATTENTION: default value of option mesa_glthread overridden by environment.
ATTENTION: default value of option mesa_glthread overridden by environment.
ATTENTION: default value of option mesa_glthread overridden by environment.
ATTENTION: default value of option mesa_glthread overridden by environment.
1675705492553	Marionette	INFO	Marionette enabled
1675705492556	Marionette	INFO	Listening on port 38495
Read port: 38495
WebDriver BiDi listening on ws://127.0.0.1:38121
1675705492667	RemoteAgent	WARN	TLS certificate errors will be ignored for this session
console.warn: SearchSettings: "get: No settings file exists, new profile?" (new NotFoundError("Could not open the file at /tmp/rust_mozprofile2cOqSj/search.json.mozlz4", (void 0)))
DevTools listening on ws://127.0.0.1:38121/devtools/browser/b180040b-b44b-4bb1-af34-cb656f40d153
1675705498153	Marionette	INFO	Stopped listening on port 38495
console.warn: TopSitesFeed: Failed to fetch data from Contile server: NetworkError when attempting to fetch resource.
WARNING: A blocker encountered an error while we were waiting.
          Blocker:  Waiting for ping task
          Phase: TelemetryController: Waiting for pending ping activity
          State: (none)
WARNING: Error: Phase "profile-before-change" is finished, it is too late to register completion condition "OS.File: flush I/O queued before profileBeforeChange"
WARNING: addBlocker@resource://gre/modules/AsyncShutdown.jsm:718:15
addBlocker@resource://gre/modules/AsyncShutdown.jsm:523:26
addBlocker@resource://gre/modules/AsyncShutdown.jsm:462:15
setupShutdown@resource://gre/modules/osfile/osfile_async_front.jsm:1548:28
@resource://gre/modules/osfile/osfile_async_front.jsm:1568:16
@resource://gre/modules/osfile.jsm:12:30
@resource://gre/modules/TelemetryStorage.jsm:19:28
promiseArchivePing@resource://gre/modules/TelemetryArchive.jsm:103:5
promiseArchivePing@resource://gre/modules/TelemetryArchive.jsm:63:33
_submitPingLogic@resource://gre/modules/TelemetryControllerParent.jsm:540:48
send@resource://gre/modules/TelemetryControllerParent.jsm:628:24
submitExternalPing@resource://gre/modules/TelemetryControllerParent.jsm:182:17
sendPing@resource://gre/modules/EventPing.jsm:51:30
_submitPing@resource://gre/modules/EventPing.jsm:229:12
shutdown@resource://gre/modules/EventPing.jsm:112:10
_cleanupOnShutdown@resource://gre/modules/TelemetryControllerParent.jsm:940:31
shutdown/<@resource://gre/modules/TelemetryControllerParent.jsm:1010:24
observe@resource://gre/modules/AsyncShutdown.jsm:572:16

WARNING: A blocker encountered an error while we were waiting.
          Blocker:  Waiting for ping task
          Phase: TelemetryController: Waiting for pending ping activity
          State: (none)
WARNING: Error: Phase "profile-before-change" is finished, it is too late to register completion condition "OS.File: flush I/O queued before profileBeforeChange"
WARNING: addBlocker@resource://gre/modules/AsyncShutdown.jsm:718:15
addBlocker@resource://gre/modules/AsyncShutdown.jsm:523:26
addBlocker@resource://gre/modules/AsyncShutdown.jsm:462:15
setupShutdown@resource://gre/modules/osfile/osfile_async_front.jsm:1548:28
@resource://gre/modules/osfile/osfile_async_front.jsm:1568:16
@resource://gre/modules/osfile.jsm:12:30
@resource://gre/modules/TelemetryStorage.jsm:19:28
promiseArchivePing@resource://gre/modules/TelemetryArchive.jsm:103:5
promiseArchivePing@resource://gre/modules/TelemetryArchive.jsm:63:33
_submitPingLogic@resource://gre/modules/TelemetryControllerParent.jsm:540:48
send@resource://gre/modules/TelemetryControllerParent.jsm:628:24
submitExternalPing@resource://gre/modules/TelemetryControllerParent.jsm:182:17
saveShutdownPings@resource://gre/modules/TelemetrySession.jsm:982:34
shutdownChromeProcess/cleanup/<@resource://gre/modules/TelemetrySession.jsm:1232:20
cleanup@resource://gre/modules/TelemetrySession.jsm:1239:9
shutdownChromeProcess@resource://gre/modules/TelemetrySession.jsm:1256:14
shutdown@resource://gre/modules/TelemetrySession.jsm:247:17
_cleanupOnShutdown@resource://gre/modules/TelemetryControllerParent.jsm:959:35
observe@resource://gre/modules/AsyncShutdown.jsm:572:16

WARNING: A blocker encountered an error while we were waiting.
          Blocker:  Waiting for ping task
          Phase: TelemetryController: Waiting for pending ping activity
          State: (none)
WARNING: Error: Phase "profile-before-change" is finished, it is too late to register completion condition "OS.File: flush I/O queued before profileBeforeChange"
WARNING: addBlocker@resource://gre/modules/AsyncShutdown.jsm:718:15
addBlocker@resource://gre/modules/AsyncShutdown.jsm:523:26
addBlocker@resource://gre/modules/AsyncShutdown.jsm:462:15
setupShutdown@resource://gre/modules/osfile/osfile_async_front.jsm:1548:28
@resource://gre/modules/osfile/osfile_async_front.jsm:1568:16
@resource://gre/modules/osfile.jsm:12:30
@resource://gre/modules/TelemetryStorage.jsm:19:28
promiseArchivePing@resource://gre/modules/TelemetryArchive.jsm:103:5
promiseArchivePing@resource://gre/modules/TelemetryArchive.jsm:63:33
_submitPingLogic@resource://gre/modules/TelemetryControllerParent.jsm:540:48
send@resource://gre/modules/TelemetryControllerParent.jsm:628:24
submitExternalPing@resource://gre/modules/TelemetryControllerParent.jsm:182:17
saveShutdownPings@resource://gre/modules/TelemetrySession.jsm:1014:36
shutdownChromeProcess/cleanup/<@resource://gre/modules/TelemetrySession.jsm:1232:20
cleanup@resource://gre/modules/TelemetrySession.jsm:1239:9
shutdownChromeProcess@resource://gre/modules/TelemetrySession.jsm:1256:14
shutdown@resource://gre/modules/TelemetrySession.jsm:247:17
_cleanupOnShutdown@resource://gre/modules/TelemetryControllerParent.jsm:959:35
observe@resource://gre/modules/AsyncShutdown.jsm:572:16

WARNING: A blocker encountered an error while we were waiting.
          Blocker:  TelemetryController: shutting down
          Phase: profile-before-change-telemetry
          State: Error getting state: Error: Phase "profile-before-change" is finished, it is too late to register completion condition "OS.File: flush I/O queued before profileBeforeChange" at addBlocker@resource://gre/modules/AsyncShutdown.jsm:718:15
addBlocker@resource://gre/modules/AsyncShutdown.jsm:523:26
addBlocker@resource://gre/modules/AsyncShutdown.jsm:462:15
setupShutdown@resource://gre/modules/osfile/osfile_async_front.jsm:1548:28
@resource://gre/modules/osfile/osfile_async_front.jsm:1568:16
@resource://gre/modules/osfile.jsm:12:30
@resource://gre/modules/TelemetryStorage.jsm:19:28
getShutdownState@resource://gre/modules/TelemetrySend.jsm:1692:7
getShutdownState@resource://gre/modules/TelemetrySend.jsm:374:30
_getState@resource://gre/modules/TelemetryControllerParent.jsm:1058:38
setupTelemetry/<@resource://gre/modules/TelemetryControllerParent.jsm:917:18
safeGetState@resource://gre/modules/AsyncShutdown.jsm:254:17
Barrier/_internalAddBlocker/promise<@resource://gre/modules/AsyncShutdown.jsm:773:20
observe@resource://gre/modules/AsyncShutdown.jsm:572:16

WARNING: Error: Phase "profile-before-change" is finished, it is too late to register completion condition "OS.File: flush I/O queued before profileBeforeChange"
WARNING: addBlocker@resource://gre/modules/AsyncShutdown.jsm:718:15
addBlocker@resource://gre/modules/AsyncShutdown.jsm:523:26
addBlocker@resource://gre/modules/AsyncShutdown.jsm:462:15
setupShutdown@resource://gre/modules/osfile/osfile_async_front.jsm:1548:28
@resource://gre/modules/osfile/osfile_async_front.jsm:1568:16
@resource://gre/modules/osfile.jsm:12:30
@resource://gre/modules/TelemetryStorage.jsm:19:28
removeAbortedSessionPing@resource://gre/modules/TelemetryControllerParent.jsm:721:5
removeAbortedSessionPing@resource://gre/modules/TelemetryControllerParent.jsm:249:17
shutdownChromeProcess/cleanup/<@resource://gre/modules/TelemetrySession.jsm:1235:42
observe@resource://gre/modules/AsyncShutdown.jsm:572:16

JavaScript error: resource://gre/modules/AsyncShutdown.jsm, line 718: Error: Phase "profile-before-change" is finished, it is too late to register completion condition "OS.File: flush I/O queued before profileBeforeChange"
JavaScript error: resource://gre/modules/AsyncShutdown.jsm, line 718: Error: Phase "profile-before-change" is finished, it is too late to register completion condition "OS.File: flush I/O queued before profileBeforeChange"
JavaScript error: resource://gre/modules/AsyncShutdown.jsm, line 718: Error: Phase "profile-before-change" is finished, it is too late to register completion condition "OS.File: flush I/O queued before profileBeforeChange"
JavaScript error: resource://gre/modules/AsyncShutdown.jsm, line 718: Error: Phase "profile-before-change" is finished, it is too late to register completion condition "OS.File: flush I/O queued before profileBeforeChange"
JavaScript error: resource://gre/modules/AsyncShutdown.jsm, line 718: Error: Phase "profile-before-change" is finished, it is too late to register completion condition "OS.File: flush I/O queued before profileBeforeChange"
JavaScript error: resource://gre/modules/AsyncShutdown.jsm, line 718: Error: Phase "profile-before-change" is finished, it is too late to register completion condition "OS.File: flush I/O queued before profileBeforeChange"
Sandbox: Unexpected EOF, op 0 flags 00 path /proc/cpuinfo
JavaScript error: resource://gre/modules/AsyncShutdown.jsm, line 572: NotFoundError: No such JSWindowActor 'DevToolsFrame'
1675705505272	Marionette	INFO	Stopped listening on port 41909
Sandbox: Unexpected EOF, op 0 flags 00 path /proc/cpuinfo
1675705511143	Marionette	INFO	Stopped listening on port 41247
console.warn: TopSitesFeed: Failed to fetch data from Contile server: NetworkError when attempting to fetch resource.
Sandbox: Unexpected EOF, op 0 flags 00 path /proc/cpuinfo
1675706365700	geckodriver	INFO	Listening on 127.0.0.1:50147
1675706366210	mozrunner::runner	INFO	Running command: "/snap/firefox/current/firefox.launcher" "--marionette" "--headless" "--remote-debugging-port" "56485" "--remote-allow-hosts" "localhost" "-no-remote" "-profile" "/tmp/rust_mozprofileRFTCJ0"
*** You are running in headless mode.
Gtk-Message: 14:59:26.230: Not loading module "atk-bridge": The functionality is provided by GTK natively. Please try to not load it.
1675706366454	Marionette	INFO	Marionette enabled
1675706366457	Marionette	INFO	Listening on port 34197
Read port: 34197
WebDriver BiDi listening on ws://127.0.0.1:56485
1675706366558	RemoteAgent	WARN	TLS certificate errors will be ignored for this session
[GFX1-]: RenderCompositorSWGL failed mapping default framebuffer, no dt
console.warn: SearchSettings: "get: No settings file exists, new profile?" (new NotFoundError("Could not open the file at /tmp/rust_mozprofileRFTCJ0/search.json.mozlz4", (void 0)))
DevTools listening on ws://127.0.0.1:56485/devtools/browser/13a1f355-743a-4d65-b3c4-07bdb6b29030
JavaScript warning: https://pagead2.googlesyndication.com/bg/1ltCRSOx5k-1I0D0UILHPXNozEC50ZuHf8HEjBLxTFM.js line 2 > eval line 32 > eval line 1 > eval line 1 > eval, line 1: WEBGL_debug_renderer_info is deprecated in Firefox and will be removed. Please use RENDERER.
1675706434199	geckodriver	INFO	Listening on 127.0.0.1:52335
1675706434683	mozrunner::runner	INFO	Running command: "/snap/firefox/current/firefox.launcher" "--marionette" "--headless" "--remote-debugging-port" "40413" "--remote-allow-hosts" "localhost" "-no-remote" "-profile" "/tmp/rust_mozprofilekNSoS3"
*** You are running in headless mode.
Gtk-Message: 15:00:34.704: Not loading module "atk-bridge": The functionality is provided by GTK natively. Please try to not load it.
1675706434930	Marionette	INFO	Marionette enabled
1675706434934	Marionette	INFO	Listening on port 43071
Read port: 43071
WebDriver BiDi listening on ws://127.0.0.1:40413
1675706435021	RemoteAgent	WARN	TLS certificate errors will be ignored for this session
[GFX1-]: RenderCompositorSWGL failed mapping default framebuffer, no dt
console.warn: SearchSettings: "get: No settings file exists, new profile?" (new NotFoundError("Could not open the file at /tmp/rust_mozprofilekNSoS3/search.json.mozlz4", (void 0)))
DevTools listening on ws://127.0.0.1:40413/devtools/browser/d80eac0f-5fc2-4701-b33d-b0f3cecdce81
JavaScript warning: https://pagead2.googlesyndication.com/bg/1ltCRSOx5k-1I0D0UILHPXNozEC50ZuHf8HEjBLxTFM.js line 2 > eval line 3682 > eval line 1 > eval line 1 > eval, line 1: WEBGL_debug_renderer_info is deprecated in Firefox and will be removed. Please use RENDERER.
1675706454011	geckodriver	INFO	Listening on 127.0.0.1:49033
1675706454510	mozrunner::runner	INFO	Running command: "/snap/firefox/current/firefox.launcher" "--marionette" "--headless" "--remote-debugging-port" "51245" "--remote-allow-hosts" "localhost" "-no-remote" "-profile" "/tmp/rust_mozprofileR2uTgU"
*** You are running in headless mode.
Gtk-Message: 15:00:54.531: Not loading module "atk-bridge": The functionality is provided by GTK natively. Please try to not load it.
1675706454750	Marionette	INFO	Marionette enabled
1675706454753	Marionette	INFO	Listening on port 35787
Read port: 35787
WebDriver BiDi listening on ws://127.0.0.1:51245
1675706454855	RemoteAgent	WARN	TLS certificate errors will be ignored for this session
[GFX1-]: RenderCompositorSWGL failed mapping default framebuffer, no dt
console.warn: SearchSettings: "get: No settings file exists, new profile?" (new NotFoundError("Could not open the file at /tmp/rust_mozprofileR2uTgU/search.json.mozlz4", (void 0)))
DevTools listening on ws://127.0.0.1:51245/devtools/browser/44caebbf-d8ea-4c31-9fe9-ae7250f9fca3
JavaScript warning: https://pagead2.googlesyndication.com/bg/1ltCRSOx5k-1I0D0UILHPXNozEC50ZuHf8HEjBLxTFM.js line 2 > eval line 1192 > eval line 1 > eval line 1 > eval, line 1: WEBGL_debug_renderer_info is deprecated in Firefox and will be removed. Please use RENDERER.
1675706475692	geckodriver	INFO	Listening on 127.0.0.1:57307
1675706476202	mozrunner::runner	INFO	Running command: "/snap/firefox/current/firefox.launcher" "--marionette" "--headless" "--remote-debugging-port" "36763" "--remote-allow-hosts" "localhost" "-no-remote" "-profile" "/tmp/rust_mozprofileuFNXT8"
*** You are running in headless mode.
Gtk-Message: 15:01:16.222: Not loading module "atk-bridge": The functionality is provided by GTK natively. Please try to not load it.
1675706476442	Marionette	INFO	Marionette enabled
1675706476445	Marionette	INFO	Listening on port 36989
Read port: 36989
WebDriver BiDi listening on ws://127.0.0.1:36763
1675706476548	RemoteAgent	WARN	TLS certificate errors will be ignored for this session
[GFX1-]: RenderCompositorSWGL failed mapping default framebuffer, no dt
console.warn: SearchSettings: "get: No settings file exists, new profile?" (new NotFoundError("Could not open the file at /tmp/rust_mozprofileuFNXT8/search.json.mozlz4", (void 0)))
DevTools listening on ws://127.0.0.1:36763/devtools/browser/679068b0-1061-4f05-8f23-0088473f5498
JavaScript warning: https://pagead2.googlesyndication.com/bg/1ltCRSOx5k-1I0D0UILHPXNozEC50ZuHf8HEjBLxTFM.js line 2 > eval line 5573 > eval line 1 > eval line 1 > eval, line 1: WEBGL_debug_renderer_info is deprecated in Firefox and will be removed. Please use RENDERER.
1675706977269	geckodriver	INFO	Listening on 127.0.0.1:40965
1675706977775	mozrunner::runner	INFO	Running command: "/snap/firefox/current/firefox.launcher" "--marionette" "--headless" "--remote-debugging-port" "53967" "--remote-allow-hosts" "localhost" "-no-remote" "-profile" "/tmp/rust_mozprofileio5xef"
*** You are running in headless mode.
Gtk-Message: 15:09:37.796: Not loading module "atk-bridge": The functionality is provided by GTK natively. Please try to not load it.
1675706978027	Marionette	INFO	Marionette enabled
1675706978030	Marionette	INFO	Listening on port 36037
Read port: 36037
WebDriver BiDi listening on ws://127.0.0.1:53967
1675706978123	RemoteAgent	WARN	TLS certificate errors will be ignored for this session
[GFX1-]: RenderCompositorSWGL failed mapping default framebuffer, no dt
console.warn: SearchSettings: "get: No settings file exists, new profile?" (new NotFoundError("Could not open the file at /tmp/rust_mozprofileio5xef/search.json.mozlz4", (void 0)))
DevTools listening on ws://127.0.0.1:53967/devtools/browser/95079840-20d6-44f9-8925-59c53b1ba45c
JavaScript warning: https://pagead2.googlesyndication.com/bg/1ltCRSOx5k-1I0D0UILHPXNozEC50ZuHf8HEjBLxTFM.js line 2 > eval line 1594 > eval line 1 > eval line 1 > eval, line 1: WEBGL_debug_renderer_info is deprecated in Firefox and will be removed. Please use RENDERER.
1675707066157	geckodriver	INFO	Listening on 127.0.0.1:58247
1675707066666	mozrunner::runner	INFO	Running command: "/snap/firefox/current/firefox.launcher" "--marionette" "--headless" "--remote-debugging-port" "53347" "--remote-allow-hosts" "localhost" "-no-remote" "-profile" "/tmp/rust_mozprofile1Tw2J8"
*** You are running in headless mode.
Gtk-Message: 15:11:06.687: Not loading module "atk-bridge": The functionality is provided by GTK natively. Please try to not load it.
1675707066914	Marionette	INFO	Marionette enabled
1675707066917	Marionette	INFO	Listening on port 42749
Read port: 42749
WebDriver BiDi listening on ws://127.0.0.1:53347
1675707067008	RemoteAgent	WARN	TLS certificate errors will be ignored for this session
[GFX1-]: RenderCompositorSWGL failed mapping default framebuffer, no dt
console.warn: SearchSettings: "get: No settings file exists, new profile?" (new NotFoundError("Could not open the file at /tmp/rust_mozprofile1Tw2J8/search.json.mozlz4", (void 0)))
DevTools listening on ws://127.0.0.1:53347/devtools/browser/48c09912-56a7-4424-81f7-e04b3b73efa4
JavaScript warning: https://pagead2.googlesyndication.com/bg/1ltCRSOx5k-1I0D0UILHPXNozEC50ZuHf8HEjBLxTFM.js line 2 > eval line 4841 > eval line 1 > eval line 1 > eval, line 1: WEBGL_debug_renderer_info is deprecated in Firefox and will be removed. Please use RENDERER.
1675707237665	geckodriver	INFO	Listening on 127.0.0.1:54921
1675707238151	mozrunner::runner	INFO	Running command: "/snap/firefox/current/firefox.launcher" "--marionette" "--headless" "--remote-debugging-port" "57397" "--remote-allow-hosts" "localhost" "-no-remote" "-profile" "/tmp/rust_mozprofilek9U2uQ"
*** You are running in headless mode.
Gtk-Message: 15:13:58.172: Not loading module "atk-bridge": The functionality is provided by GTK natively. Please try to not load it.
1675707238417	Marionette	INFO	Marionette enabled
1675707238420	Marionette	INFO	Listening on port 43555
Read port: 43555
WebDriver BiDi listening on ws://127.0.0.1:57397
1675707238521	RemoteAgent	WARN	TLS certificate errors will be ignored for this session
[GFX1-]: RenderCompositorSWGL failed mapping default framebuffer, no dt
console.warn: SearchSettings: "get: No settings file exists, new profile?" (new NotFoundError("Could not open the file at /tmp/rust_mozprofilek9U2uQ/search.json.mozlz4", (void 0)))
DevTools listening on ws://127.0.0.1:57397/devtools/browser/6ab3a897-a76b-4a34-baec-d68665e16ffc
JavaScript warning: https://pagead2.googlesyndication.com/bg/1ltCRSOx5k-1I0D0UILHPXNozEC50ZuHf8HEjBLxTFM.js line 2 > eval line 2830 > eval line 1 > eval line 1 > eval, line 1: WEBGL_debug_renderer_info is deprecated in Firefox and will be removed. Please use RENDERER.
1675707543092	geckodriver	INFO	Listening on 127.0.0.1:55239
1675707543575	mozrunner::runner	INFO	Running command: "/snap/firefox/current/firefox.launcher" "--marionette" "--headless" "--remote-debugging-port" "46965" "--remote-allow-hosts" "localhost" "-no-remote" "-profile" "/tmp/rust_mozprofileaPDXSL"
*** You are running in headless mode.
Gtk-Message: 15:19:03.597: Not loading module "atk-bridge": The functionality is provided by GTK natively. Please try to not load it.
1675707543843	Marionette	INFO	Marionette enabled
1675707543848	Marionette	INFO	Listening on port 42059
Read port: 42059
WebDriver BiDi listening on ws://127.0.0.1:46965
1675707543949	RemoteAgent	WARN	TLS certificate errors will be ignored for this session
[GFX1-]: RenderCompositorSWGL failed mapping default framebuffer, no dt
console.warn: SearchSettings: "get: No settings file exists, new profile?" (new NotFoundError("Could not open the file at /tmp/rust_mozprofileaPDXSL/search.json.mozlz4", (void 0)))
DevTools listening on ws://127.0.0.1:46965/devtools/browser/f7e9648f-3730-4523-9a48-9f8ba4ed72e5
JavaScript warning: https://pagead2.googlesyndication.com/bg/1ltCRSOx5k-1I0D0UILHPXNozEC50ZuHf8HEjBLxTFM.js line 2 > eval line 3241 > eval line 1 > eval line 1 > eval, line 1: WEBGL_debug_renderer_info is deprecated in Firefox and will be removed. Please use RENDERER.
1675707553822	geckodriver	INFO	Listening on 127.0.0.1:48241
1675707554303	mozrunner::runner	INFO	Running command: "/snap/firefox/current/firefox.launcher" "--marionette" "--headless" "--remote-debugging-port" "44953" "--remote-allow-hosts" "localhost" "-no-remote" "-profile" "/tmp/rust_mozprofilelDPMhP"
*** You are running in headless mode.
Gtk-Message: 15:19:14.324: Not loading module "atk-bridge": The functionality is provided by GTK natively. Please try to not load it.
1675707554562	Marionette	INFO	Marionette enabled
1675707554566	Marionette	INFO	Listening on port 46131
Read port: 46131
WebDriver BiDi listening on ws://127.0.0.1:44953
1675707554661	RemoteAgent	WARN	TLS certificate errors will be ignored for this session
[GFX1-]: RenderCompositorSWGL failed mapping default framebuffer, no dt
console.warn: SearchSettings: "get: No settings file exists, new profile?" (new NotFoundError("Could not open the file at /tmp/rust_mozprofilelDPMhP/search.json.mozlz4", (void 0)))
DevTools listening on ws://127.0.0.1:44953/devtools/browser/b2750fdc-b9f0-451f-bada-d60c18f269e6
JavaScript warning: https://pagead2.googlesyndication.com/bg/1ltCRSOx5k-1I0D0UILHPXNozEC50ZuHf8HEjBLxTFM.js line 2 > eval line 887 > eval line 1 > eval line 1 > eval, line 1: WEBGL_debug_renderer_info is deprecated in Firefox and will be removed. Please use RENDERER.
1675707596465	geckodriver	INFO	Listening on 127.0.0.1:50915
1675707596951	mozrunner::runner	INFO	Running command: "/snap/firefox/current/firefox.launcher" "--marionette" "--headless" "--remote-debugging-port" "35031" "--remote-allow-hosts" "localhost" "-no-remote" "-profile" "/tmp/rust_mozprofilevodHeO"
*** You are running in headless mode.
Gtk-Message: 15:19:56.972: Not loading module "atk-bridge": The functionality is provided by GTK natively. Please try to not load it.
1675707597207	Marionette	INFO	Marionette enabled
1675707597210	Marionette	INFO	Listening on port 45487
Read port: 45487
WebDriver BiDi listening on ws://127.0.0.1:35031
1675707597306	RemoteAgent	WARN	TLS certificate errors will be ignored for this session
[GFX1-]: RenderCompositorSWGL failed mapping default framebuffer, no dt
console.warn: SearchSettings: "get: No settings file exists, new profile?" (new NotFoundError("Could not open the file at /tmp/rust_mozprofilevodHeO/search.json.mozlz4", (void 0)))
DevTools listening on ws://127.0.0.1:35031/devtools/browser/f566a080-8b18-4ab6-9841-3bdbe02c2c1c
1675707602201	Marionette	WARN	Ignoring event 'DOMContentLoaded' because document has an invalid readyState of 'complete'.
JavaScript warning: https://pagead2.googlesyndication.com/bg/1ltCRSOx5k-1I0D0UILHPXNozEC50ZuHf8HEjBLxTFM.js line 2 > eval line 2980 > eval line 1 > eval line 1 > eval, line 1: WEBGL_debug_renderer_info is deprecated in Firefox and will be removed. Please use RENDERER.
1675707902145	geckodriver	INFO	Listening on 127.0.0.1:53249
1675707902595	mozrunner::runner	INFO	Running command: "/snap/firefox/current/firefox.launcher" "--marionette" "--headless" "--remote-debugging-port" "36529" "--remote-allow-hosts" "localhost" "-no-remote" "-profile" "/tmp/rust_mozprofilezywC6W"
*** You are running in headless mode.
Gtk-Message: 15:25:02.618: Not loading module "atk-bridge": The functionality is provided by GTK natively. Please try to not load it.
1675707902880	Marionette	INFO	Marionette enabled
1675707902885	Marionette	INFO	Listening on port 33131
Read port: 33131
WebDriver BiDi listening on ws://127.0.0.1:36529
1675707902991	RemoteAgent	WARN	TLS certificate errors will be ignored for this session
[GFX1-]: RenderCompositorSWGL failed mapping default framebuffer, no dt
console.warn: SearchSettings: "get: No settings file exists, new profile?" (new NotFoundError("Could not open the file at /tmp/rust_mozprofilezywC6W/search.json.mozlz4", (void 0)))
DevTools listening on ws://127.0.0.1:36529/devtools/browser/3bfcdaac-140a-4a1c-b6c2-c5da20ede1a7
JavaScript warning: https://pagead2.googlesyndication.com/bg/1ltCRSOx5k-1I0D0UILHPXNozEC50ZuHf8HEjBLxTFM.js line 2 > eval line 449 > eval line 1 > eval line 1 > eval, line 1: WEBGL_debug_renderer_info is deprecated in Firefox and will be removed. Please use RENDERER.
1675707941276	geckodriver	INFO	Listening on 127.0.0.1:54387
1675707941787	mozrunner::runner	INFO	Running command: "/snap/firefox/current/firefox.launcher" "--marionette" "--headless" "--remote-debugging-port" "47797" "--remote-allow-hosts" "localhost" "-no-remote" "-profile" "/tmp/rust_mozprofilezAOY2r"
*** You are running in headless mode.
Gtk-Message: 15:25:41.808: Not loading module "atk-bridge": The functionality is provided by GTK natively. Please try to not load it.
1675707942069	Marionette	INFO	Marionette enabled
1675707942072	Marionette	INFO	Listening on port 33547
Read port: 33547
WebDriver BiDi listening on ws://127.0.0.1:47797
1675707942165	RemoteAgent	WARN	TLS certificate errors will be ignored for this session
[GFX1-]: RenderCompositorSWGL failed mapping default framebuffer, no dt
console.warn: SearchSettings: "get: No settings file exists, new profile?" (new NotFoundError("Could not open the file at /tmp/rust_mozprofilezAOY2r/search.json.mozlz4", (void 0)))
DevTools listening on ws://127.0.0.1:47797/devtools/browser/7f4151e4-5e99-4790-80ac-4f7cbb6f225a
JavaScript warning: https://pagead2.googlesyndication.com/bg/1ltCRSOx5k-1I0D0UILHPXNozEC50ZuHf8HEjBLxTFM.js line 2 > eval line 7128 > eval line 1 > eval line 1 > eval, line 1: WEBGL_debug_renderer_info is deprecated in Firefox and will be removed. Please use RENDERER.
1675707964115	geckodriver	INFO	Listening on 127.0.0.1:38385
1675707964602	mozrunner::runner	INFO	Running command: "/snap/firefox/current/firefox.launcher" "--marionette" "--headless" "--remote-debugging-port" "47895" "--remote-allow-hosts" "localhost" "-no-remote" "-profile" "/tmp/rust_mozprofilejNkAbn"
*** You are running in headless mode.
Gtk-Message: 15:26:04.637: Not loading module "atk-bridge": The functionality is provided by GTK natively. Please try to not load it.
1675707964900	Marionette	INFO	Marionette enabled
1675707964903	Marionette	INFO	Listening on port 44899
Read port: 44899
WebDriver BiDi listening on ws://127.0.0.1:47895
1675707965015	RemoteAgent	WARN	TLS certificate errors will be ignored for this session
[GFX1-]: RenderCompositorSWGL failed mapping default framebuffer, no dt
console.warn: SearchSettings: "get: No settings file exists, new profile?" (new NotFoundError("Could not open the file at /tmp/rust_mozprofilejNkAbn/search.json.mozlz4", (void 0)))
DevTools listening on ws://127.0.0.1:47895/devtools/browser/adeb5a05-3764-41a6-9cc5-561160ae71a7
JavaScript warning: https://pagead2.googlesyndication.com/bg/1ltCRSOx5k-1I0D0UILHPXNozEC50ZuHf8HEjBLxTFM.js line 2 > eval line 6457 > eval line 1 > eval line 1 > eval, line 1: WEBGL_debug_renderer_info is deprecated in Firefox and will be removed. Please use RENDERER.
1675708376768	geckodriver	INFO	Listening on 127.0.0.1:36903
1675708377250	mozrunner::runner	INFO	Running command: "/snap/firefox/current/firefox.launcher" "--marionette" "--headless" "--remote-debugging-port" "55789" "--remote-allow-hosts" "localhost" "-no-remote" "-profile" "/tmp/rust_mozprofileShmtR6"
*** You are running in headless mode.
Gtk-Message: 15:32:57.275: Not loading module "atk-bridge": The functionality is provided by GTK natively. Please try to not load it.
1675708377564	Marionette	INFO	Marionette enabled
1675708377568	Marionette	INFO	Listening on port 33215
WebDriver BiDi listening on ws://127.0.0.1:55789
Read port: 33215
1675708377804	RemoteAgent	WARN	TLS certificate errors will be ignored for this session
[GFX1-]: RenderCompositorSWGL failed mapping default framebuffer, no dt
console.warn: SearchSettings: "get: No settings file exists, new profile?" (new NotFoundError("Could not open the file at /tmp/rust_mozprofileShmtR6/search.json.mozlz4", (void 0)))
DevTools listening on ws://127.0.0.1:55789/devtools/browser/0fac2015-242e-4bae-aa32-7974a8c860dc
JavaScript warning: https://pagead2.googlesyndication.com/bg/1ltCRSOx5k-1I0D0UILHPXNozEC50ZuHf8HEjBLxTFM.js line 2 > eval line 6608 > eval line 1 > eval line 1 > eval, line 1: WEBGL_debug_renderer_info is deprecated in Firefox and will be removed. Please use RENDERER.
1675708557145	geckodriver	INFO	Listening on 127.0.0.1:57441
1675708557626	mozrunner::runner	INFO	Running command: "/snap/firefox/current/firefox.launcher" "--marionette" "--headless" "--remote-debugging-port" "47705" "--remote-allow-hosts" "localhost" "-no-remote" "-profile" "/tmp/rust_mozprofiled8RBuZ"
*** You are running in headless mode.
Gtk-Message: 15:35:57.650: Not loading module "atk-bridge": The functionality is provided by GTK natively. Please try to not load it.
1675708557902	Marionette	INFO	Marionette enabled
1675708557908	Marionette	INFO	Listening on port 35977
Read port: 35977
WebDriver BiDi listening on ws://127.0.0.1:47705
1675708558016	RemoteAgent	WARN	TLS certificate errors will be ignored for this session
[GFX1-]: RenderCompositorSWGL failed mapping default framebuffer, no dt
console.warn: SearchSettings: "get: No settings file exists, new profile?" (new NotFoundError("Could not open the file at /tmp/rust_mozprofiled8RBuZ/search.json.mozlz4", (void 0)))
DevTools listening on ws://127.0.0.1:47705/devtools/browser/4fdd4ba5-149b-440a-b15b-575166bf9e78
JavaScript warning: https://pagead2.googlesyndication.com/bg/1ltCRSOx5k-1I0D0UILHPXNozEC50ZuHf8HEjBLxTFM.js line 2 > eval line 5392 > eval line 1 > eval line 1 > eval, line 1: WEBGL_debug_renderer_info is deprecated in Firefox and will be removed. Please use RENDERER.
1675708730228	geckodriver	INFO	Listening on 127.0.0.1:34403
1675708730691	mozrunner::runner	INFO	Running command: "/snap/firefox/current/firefox.launcher" "--marionette" "--headless" "--remote-debugging-port" "42549" "--remote-allow-hosts" "localhost" "-no-remote" "-profile" "/tmp/rust_mozprofileSwqPQi"
*** You are running in headless mode.
Gtk-Message: 15:38:50.713: Not loading module "atk-bridge": The functionality is provided by GTK natively. Please try to not load it.
1675708730963	Marionette	INFO	Marionette enabled
1675708730966	Marionette	INFO	Listening on port 32831
Read port: 32831
WebDriver BiDi listening on ws://127.0.0.1:42549
1675708731074	RemoteAgent	WARN	TLS certificate errors will be ignored for this session
[GFX1-]: RenderCompositorSWGL failed mapping default framebuffer, no dt
console.warn: SearchSettings: "get: No settings file exists, new profile?" (new NotFoundError("Could not open the file at /tmp/rust_mozprofileSwqPQi/search.json.mozlz4", (void 0)))
DevTools listening on ws://127.0.0.1:42549/devtools/browser/4e5c8ae4-9bf1-4205-9905-14078962db62
JavaScript warning: https://pagead2.googlesyndication.com/bg/1ltCRSOx5k-1I0D0UILHPXNozEC50ZuHf8HEjBLxTFM.js line 2 > eval line 606 > eval line 1 > eval line 1 > eval, line 1: WEBGL_debug_renderer_info is deprecated in Firefox and will be removed. Please use RENDERER.
1675708771141	geckodriver	INFO	Listening on 127.0.0.1:47523
1675708771611	mozrunner::runner	INFO	Running command: "/snap/firefox/current/firefox.launcher" "--marionette" "--headless" "--remote-debugging-port" "33841" "--remote-allow-hosts" "localhost" "-no-remote" "-profile" "/tmp/rust_mozprofilejbetYE"
*** You are running in headless mode.
Gtk-Message: 15:39:31.635: Not loading module "atk-bridge": The functionality is provided by GTK natively. Please try to not load it.
1675708771970	Marionette	INFO	Marionette enabled
1675708771975	Marionette	INFO	Listening on port 40685
Read port: 40685
WebDriver BiDi listening on ws://127.0.0.1:33841
1675708772128	RemoteAgent	WARN	TLS certificate errors will be ignored for this session
[GFX1-]: RenderCompositorSWGL failed mapping default framebuffer, no dt
console.warn: SearchSettings: "get: No settings file exists, new profile?" (new NotFoundError("Could not open the file at /tmp/rust_mozprofilejbetYE/search.json.mozlz4", (void 0)))
DevTools listening on ws://127.0.0.1:33841/devtools/browser/8d5b9951-de40-4ec3-bcbc-6b04259892f2
JavaScript warning: https://pagead2.googlesyndication.com/bg/1ltCRSOx5k-1I0D0UILHPXNozEC50ZuHf8HEjBLxTFM.js line 2 > eval line 1620 > eval line 1 > eval line 1 > eval, line 1: WEBGL_debug_renderer_info is deprecated in Firefox and will be removed. Please use RENDERER.
1675708804458	geckodriver	INFO	Listening on 127.0.0.1:37487
1675708804950	mozrunner::runner	INFO	Running command: "/snap/firefox/current/firefox.launcher" "--marionette" "--headless" "--remote-debugging-port" "41121" "--remote-allow-hosts" "localhost" "-no-remote" "-profile" "/tmp/rust_mozprofileHNQker"
*** You are running in headless mode.
Gtk-Message: 15:40:04.973: Not loading module "atk-bridge": The functionality is provided by GTK natively. Please try to not load it.
1675708805217	Marionette	INFO	Marionette enabled
1675708805221	Marionette	INFO	Listening on port 42971
Read port: 42971
WebDriver BiDi listening on ws://127.0.0.1:41121
1675708805322	RemoteAgent	WARN	TLS certificate errors will be ignored for this session
[GFX1-]: RenderCompositorSWGL failed mapping default framebuffer, no dt
console.warn: SearchSettings: "get: No settings file exists, new profile?" (new NotFoundError("Could not open the file at /tmp/rust_mozprofileHNQker/search.json.mozlz4", (void 0)))
DevTools listening on ws://127.0.0.1:41121/devtools/browser/32879e7c-82e8-4e50-a26e-fbf553007205
JavaScript warning: https://pagead2.googlesyndication.com/bg/1ltCRSOx5k-1I0D0UILHPXNozEC50ZuHf8HEjBLxTFM.js line 2 > eval line 5063 > eval line 1 > eval line 1 > eval, line 1: WEBGL_debug_renderer_info is deprecated in Firefox and will be removed. Please use RENDERER.
1675708840465	geckodriver	INFO	Listening on 127.0.0.1:38651
1675708840930	mozrunner::runner	INFO	Running command: "/snap/firefox/current/firefox.launcher" "--marionette" "--headless" "--remote-debugging-port" "37923" "--remote-allow-hosts" "localhost" "-no-remote" "-profile" "/tmp/rust_mozprofile3nxonN"
*** You are running in headless mode.
Gtk-Message: 15:40:40.953: Not loading module "atk-bridge": The functionality is provided by GTK natively. Please try to not load it.
1675708841218	Marionette	INFO	Marionette enabled
1675708841222	Marionette	INFO	Listening on port 37883
Read port: 37883
WebDriver BiDi listening on ws://127.0.0.1:37923
1675708841324	RemoteAgent	WARN	TLS certificate errors will be ignored for this session
[GFX1-]: RenderCompositorSWGL failed mapping default framebuffer, no dt
console.warn: SearchSettings: "get: No settings file exists, new profile?" (new NotFoundError("Could not open the file at /tmp/rust_mozprofile3nxonN/search.json.mozlz4", (void 0)))
DevTools listening on ws://127.0.0.1:37923/devtools/browser/6c62c8fd-70bf-4eed-ab06-fd5c4ecf6299
JavaScript warning: https://pagead2.googlesyndication.com/bg/1ltCRSOx5k-1I0D0UILHPXNozEC50ZuHf8HEjBLxTFM.js line 2 > eval line 5598 > eval line 1 > eval line 1 > eval, line 1: WEBGL_debug_renderer_info is deprecated in Firefox and will be removed. Please use RENDERER.
1675709092006	geckodriver	INFO	Listening on 127.0.0.1:51605
1675709092467	mozrunner::runner	INFO	Running command: "/snap/firefox/current/firefox.launcher" "--marionette" "--headless" "--remote-debugging-port" "51123" "--remote-allow-hosts" "localhost" "-no-remote" "-profile" "/tmp/rust_mozprofileXmCUFM"
*** You are running in headless mode.
Gtk-Message: 15:44:52.494: Not loading module "atk-bridge": The functionality is provided by GTK natively. Please try to not load it.
1675709092793	Marionette	INFO	Marionette enabled
1675709092797	Marionette	INFO	Listening on port 33035
WebDriver BiDi listening on ws://127.0.0.1:51123
Read port: 33035
1675709092920	RemoteAgent	WARN	TLS certificate errors will be ignored for this session
[GFX1-]: RenderCompositorSWGL failed mapping default framebuffer, no dt
console.warn: SearchSettings: "get: No settings file exists, new profile?" (new NotFoundError("Could not open the file at /tmp/rust_mozprofileXmCUFM/search.json.mozlz4", (void 0)))
DevTools listening on ws://127.0.0.1:51123/devtools/browser/56d9e923-d67f-4f41-b7e4-b8c23dee2b03
JavaScript warning: https://pagead2.googlesyndication.com/bg/1ltCRSOx5k-1I0D0UILHPXNozEC50ZuHf8HEjBLxTFM.js line 2 > eval line 789 > eval line 1 > eval line 1 > eval, line 1: WEBGL_debug_renderer_info is deprecated in Firefox and will be removed. Please use RENDERER.
1675709147952	geckodriver	INFO	Listening on 127.0.0.1:39183
1675709148423	mozrunner::runner	INFO	Running command: "/snap/firefox/current/firefox.launcher" "--marionette" "--headless" "--remote-debugging-port" "59715" "--remote-allow-hosts" "localhost" "-no-remote" "-profile" "/tmp/rust_mozprofileyO5yI3"
*** You are running in headless mode.
Gtk-Message: 15:45:48.449: Not loading module "atk-bridge": The functionality is provided by GTK natively. Please try to not load it.
1675709148741	Marionette	INFO	Marionette enabled
1675709148746	Marionette	INFO	Listening on port 45843
Read port: 45843
WebDriver BiDi listening on ws://127.0.0.1:59715
1675709148917	RemoteAgent	WARN	TLS certificate errors will be ignored for this session
[GFX1-]: RenderCompositorSWGL failed mapping default framebuffer, no dt
console.warn: SearchSettings: "get: No settings file exists, new profile?" (new NotFoundError("Could not open the file at /tmp/rust_mozprofileyO5yI3/search.json.mozlz4", (void 0)))
DevTools listening on ws://127.0.0.1:59715/devtools/browser/1dcf4ead-2f38-4804-93d3-56b485d8cbb0
JavaScript warning: https://pagead2.googlesyndication.com/bg/1ltCRSOx5k-1I0D0UILHPXNozEC50ZuHf8HEjBLxTFM.js line 2 > eval line 3008 > eval line 1 > eval line 1 > eval, line 1: WEBGL_debug_renderer_info is deprecated in Firefox and will be removed. Please use RENDERER.
1675709459357	geckodriver	INFO	Listening on 127.0.0.1:56257
1675709459766	mozrunner::runner	INFO	Running command: "/snap/firefox/current/firefox.launcher" "--marionette" "--headless" "--remote-debugging-port" "43043" "--remote-allow-hosts" "localhost" "-no-remote" "-profile" "/tmp/rust_mozprofilevgwRQa"
*** You are running in headless mode.
Gtk-Message: 15:50:59.793: Not loading module "atk-bridge": The functionality is provided by GTK natively. Please try to not load it.
1675709460119	Marionette	INFO	Marionette enabled
1675709460125	Marionette	INFO	Listening on port 34209
Read port: 34209
WebDriver BiDi listening on ws://127.0.0.1:43043
1675709460247	RemoteAgent	WARN	TLS certificate errors will be ignored for this session
[GFX1-]: RenderCompositorSWGL failed mapping default framebuffer, no dt
console.warn: SearchSettings: "get: No settings file exists, new profile?" (new NotFoundError("Could not open the file at /tmp/rust_mozprofilevgwRQa/search.json.mozlz4", (void 0)))
DevTools listening on ws://127.0.0.1:43043/devtools/browser/9f64a3f0-4d04-4869-83aa-558ccb88b235
JavaScript warning: https://pagead2.googlesyndication.com/bg/1ltCRSOx5k-1I0D0UILHPXNozEC50ZuHf8HEjBLxTFM.js line 2 > eval line 3479 > eval line 1 > eval line 1 > eval, line 1: WEBGL_debug_renderer_info is deprecated in Firefox and will be removed. Please use RENDERER.
1675709827078	geckodriver	INFO	Listening on 127.0.0.1:34287
1675709827491	mozrunner::runner	INFO	Running command: "/snap/firefox/current/firefox.launcher" "--marionette" "--headless" "--remote-debugging-port" "40167" "--remote-allow-hosts" "localhost" "-no-remote" "-profile" "/tmp/rust_mozprofile2OPXzt"
*** You are running in headless mode.
Gtk-Message: 15:57:07.518: Not loading module "atk-bridge": The functionality is provided by GTK natively. Please try to not load it.
1675709827904	Marionette	INFO	Marionette enabled
1675709827909	Marionette	INFO	Listening on port 39421
Read port: 39421
WebDriver BiDi listening on ws://127.0.0.1:40167
1675709828086	RemoteAgent	WARN	TLS certificate errors will be ignored for this session
[GFX1-]: RenderCompositorSWGL failed mapping default framebuffer, no dt
console.warn: SearchSettings: "get: No settings file exists, new profile?" (new NotFoundError("Could not open the file at /tmp/rust_mozprofile2OPXzt/search.json.mozlz4", (void 0)))
DevTools listening on ws://127.0.0.1:40167/devtools/browser/35564f89-2399-4614-ae97-25d904cd5412
JavaScript warning: https://pagead2.googlesyndication.com/bg/1ltCRSOx5k-1I0D0UILHPXNozEC50ZuHf8HEjBLxTFM.js line 2 > eval line 1945 > eval line 1 > eval line 1 > eval, line 1: WEBGL_debug_renderer_info is deprecated in Firefox and will be removed. Please use RENDERER.
